Starting Vivado...

****** Vivado v2021.2 (64-bit)
  **** SW Build 3367213 on Tue Oct 19 02:48:09 MDT 2021
  **** IP Build 3369179 on Thu Oct 21 08:25:16 MDT 2021
    ** Copyright 1986-2021 Xilinx, Inc. All Rights Reserved.

source {D:\SUTD\50.002 CompStruc\Week 8 ALU sendhelp\ALU Checkoff\work\project.tcl}
# set projDir "D:/SUTD/50.002\ CompStruc/Week\ 8\ ALU\ sendhelp/ALU\ Checkoff/work/vivado"
# set projName "ALU Checkoff"
# set topName top
# set device xc7a35tftg256-1
# if {[file exists "$projDir/$projName"]} { file delete -force "$projDir/$projName" }
# create_project $projName "$projDir/$projName" -part $device
INFO: [ProjectBase 1-489] The host OS only allows 260 characters in a normal path. The project is stored in a path with more than 80 characters. If you experience issues with IP, Block Designs, or files not being found, please consider moving the project to a location with a shorter path. Alternately consider using the OS subst command to map part of the path to a drive letter.
Current project path is 'D:/SUTD/50.002 CompStruc/Week 8 ALU sendhelp/ALU Checkoff/work/vivado/ALU Checkoff'
# set_property design_mode RTL [get_filesets sources_1]
# set verilogSources [list "D:/SUTD/50.002\ CompStruc/Week\ 8\ ALU\ sendhelp/ALU\ Checkoff/work/verilog/au_top_0.v" "D:/SUTD/50.002\ CompStruc/Week\ 8\ ALU\ sendhelp/ALU\ Checkoff/work/verilog/alu_tester_1.v" "D:/SUTD/50.002\ CompStruc/Week\ 8\ ALU\ sendhelp/ALU\ Checkoff/work/verilog/alufn_inputter_2.v" "D:/SUTD/50.002\ CompStruc/Week\ 8\ ALU\ sendhelp/ALU\ Checkoff/work/verilog/alu_check_ans_3.v" "D:/SUTD/50.002\ CompStruc/Week\ 8\ ALU\ sendhelp/ALU\ Checkoff/work/verilog/alu_errorcase_4.v" "D:/SUTD/50.002\ CompStruc/Week\ 8\ ALU\ sendhelp/ALU\ Checkoff/work/verilog/button_conditioner_5.v" "D:/SUTD/50.002\ CompStruc/Week\ 8\ ALU\ sendhelp/ALU\ Checkoff/work/verilog/edge_detector_6.v" "D:/SUTD/50.002\ CompStruc/Week\ 8\ ALU\ sendhelp/ALU\ Checkoff/work/verilog/reset_conditioner_7.v" "D:/SUTD/50.002\ CompStruc/Week\ 8\ ALU\ sendhelp/ALU\ Checkoff/work/verilog/alu_8.v" "D:/SUTD/50.002\ CompStruc/Week\ 8\ ALU\ sendhelp/ALU\ Checkoff/work/verilog/pipeline_9.v" "D:/SUTD/50.002\ CompStruc/Week\ 8\ ALU\ sendhelp/ALU\ Checkoff/work/verilog/adder_10.v" "D:/SUTD/50.002\ CompStruc/Week\ 8\ ALU\ sendhelp/ALU\ Checkoff/work/verilog/boolean_11.v" "D:/SUTD/50.002\ CompStruc/Week\ 8\ ALU\ sendhelp/ALU\ Checkoff/work/verilog/shifter_12.v" "D:/SUTD/50.002\ CompStruc/Week\ 8\ ALU\ sendhelp/ALU\ Checkoff/work/verilog/compare_13.v" ]
# import_files -fileset [get_filesets sources_1] -force -norecurse $verilogSources
# set xdcSources [list "G:/Program\ Files\ G\ Drive/AlchitryLabs/library/components/au.xdc" "D:/SUTD/50.002\ CompStruc/Week\ 8\ ALU\ sendhelp/ALU\ Checkoff/work/constraint/io.xdc" "D:/SUTD/50.002\ CompStruc/Week\ 8\ ALU\ sendhelp/ALU\ Checkoff/work/constraint/alchitry.xdc" ]
# read_xdc $xdcSources
# set_property STEPS.WRITE_BITSTREAM.ARGS.BIN_FILE true [get_runs impl_1]
# update_compile_order -fileset sources_1
# launch_runs -runs synth_1 -jobs 8
WARNING: [Vivado 12-7122] Auto Incremental Compile:: No reference checkpoint was found in run synth_1. Auto-incremental flow will not be run, the standard flow will be run instead.
[Wed Mar  9 20:15:05 2022] Launched synth_1...
Run output will be captured here: D:/SUTD/50.002 CompStruc/Week 8 ALU sendhelp/ALU Checkoff/work/vivado/ALU Checkoff/ALU Checkoff.runs/synth_1/runme.log
# wait_on_run synth_1

[Wed Mar  9 20:15:05 2022] Waiting for synth_1 to finish...

*** Running vivado
    with args -log au_top_0.vds -m64 -product Vivado -mode batch -messageDb vivado.pb -notrace -source au_top_0.tcl



****** Vivado v2021.2 (64-bit)
  **** SW Build 3367213 on Tue Oct 19 02:48:09 MDT 2021
  **** IP Build 3369179 on Thu Oct 21 08:25:16 MDT 2021
    ** Copyright 1986-2021 Xilinx, Inc. All Rights Reserved.

source au_top_0.tcl -notrace
Command: synth_design -top au_top_0 -part xc7a35tftg256-1
Starting synth_design
Attempting to get a license for feature 'Synthesis' and/or device 'xc7a35t'
INFO: [Common 17-349] Got license for feature 'Synthesis' and/or device 'xc7a35t'
INFO: [Device 21-403] Loading part xc7a35tftg256-1
INFO: [Synth 8-7079] Multithreading enabled for synth_design using a maximum of 2 processes.
INFO: [Synth 8-7078] Launching helper process for spawning children vivado processes
INFO: [Synth 8-7075] Helper process launched with PID 588
---------------------------------------------------------------------------------
Starting RTL Elaboration : Time (s): cpu = 00:00:04 ; elapsed = 00:00:04 . Memory (MB): peak = 1412.723 ; gain = 0.000
---------------------------------------------------------------------------------
INFO: [Synth 8-6157] synthesizing module 'au_top_0' [D:/SUTD/50.002 CompStruc/Week 8 ALU sendhelp/ALU Checkoff/work/vivado/ALU Checkoff/ALU Checkoff.srcs/sources_1/imports/verilog/au_top_0.v:7]
INFO: [Synth 8-6157] synthesizing module 'button_conditioner_5' [D:/SUTD/50.002 CompStruc/Week 8 ALU sendhelp/ALU Checkoff/work/vivado/ALU Checkoff/ALU Checkoff.srcs/sources_1/imports/verilog/button_conditioner_5.v:13]
INFO: [Synth 8-6157] synthesizing module 'pipeline_9' [D:/SUTD/50.002 CompStruc/Week 8 ALU sendhelp/ALU Checkoff/work/vivado/ALU Checkoff/ALU Checkoff.srcs/sources_1/imports/verilog/pipeline_9.v:11]
INFO: [Synth 8-6155] done synthesizing module 'pipeline_9' (1#1) [D:/SUTD/50.002 CompStruc/Week 8 ALU sendhelp/ALU Checkoff/work/vivado/ALU Checkoff/ALU Checkoff.srcs/sources_1/imports/verilog/pipeline_9.v:11]
INFO: [Synth 8-6155] done synthesizing module 'button_conditioner_5' (2#1) [D:/SUTD/50.002 CompStruc/Week 8 ALU sendhelp/ALU Checkoff/work/vivado/ALU Checkoff/ALU Checkoff.srcs/sources_1/imports/verilog/button_conditioner_5.v:13]
INFO: [Synth 8-6157] synthesizing module 'edge_detector_6' [D:/SUTD/50.002 CompStruc/Week 8 ALU sendhelp/ALU Checkoff/work/vivado/ALU Checkoff/ALU Checkoff.srcs/sources_1/imports/verilog/edge_detector_6.v:12]
INFO: [Synth 8-6155] done synthesizing module 'edge_detector_6' (3#1) [D:/SUTD/50.002 CompStruc/Week 8 ALU sendhelp/ALU Checkoff/work/vivado/ALU Checkoff/ALU Checkoff.srcs/sources_1/imports/verilog/edge_detector_6.v:12]
INFO: [Synth 8-6157] synthesizing module 'alu_tester_1' [D:/SUTD/50.002 CompStruc/Week 8 ALU sendhelp/ALU Checkoff/work/vivado/ALU Checkoff/ALU Checkoff.srcs/sources_1/imports/verilog/alu_tester_1.v:7]
INFO: [Synth 8-6157] synthesizing module 'alu_8' [D:/SUTD/50.002 CompStruc/Week 8 ALU sendhelp/ALU Checkoff/work/vivado/ALU Checkoff/ALU Checkoff.srcs/sources_1/imports/verilog/alu_8.v:7]
INFO: [Synth 8-6157] synthesizing module 'adder_10' [D:/SUTD/50.002 CompStruc/Week 8 ALU sendhelp/ALU Checkoff/work/vivado/ALU Checkoff/ALU Checkoff.srcs/sources_1/imports/verilog/adder_10.v:7]
INFO: [Synth 8-226] default block is never used [D:/SUTD/50.002 CompStruc/Week 8 ALU sendhelp/ALU Checkoff/work/vivado/ALU Checkoff/ALU Checkoff.srcs/sources_1/imports/verilog/adder_10.v:24]
INFO: [Synth 8-6155] done synthesizing module 'adder_10' (4#1) [D:/SUTD/50.002 CompStruc/Week 8 ALU sendhelp/ALU Checkoff/work/vivado/ALU Checkoff/ALU Checkoff.srcs/sources_1/imports/verilog/adder_10.v:7]
INFO: [Synth 8-6157] synthesizing module 'boolean_11' [D:/SUTD/50.002 CompStruc/Week 8 ALU sendhelp/ALU Checkoff/work/vivado/ALU Checkoff/ALU Checkoff.srcs/sources_1/imports/verilog/boolean_11.v:7]
INFO: [Synth 8-6155] done synthesizing module 'boolean_11' (5#1) [D:/SUTD/50.002 CompStruc/Week 8 ALU sendhelp/ALU Checkoff/work/vivado/ALU Checkoff/ALU Checkoff.srcs/sources_1/imports/verilog/boolean_11.v:7]
INFO: [Synth 8-6157] synthesizing module 'shifter_12' [D:/SUTD/50.002 CompStruc/Week 8 ALU sendhelp/ALU Checkoff/work/vivado/ALU Checkoff/ALU Checkoff.srcs/sources_1/imports/verilog/shifter_12.v:7]
INFO: [Synth 8-6155] done synthesizing module 'shifter_12' (6#1) [D:/SUTD/50.002 CompStruc/Week 8 ALU sendhelp/ALU Checkoff/work/vivado/ALU Checkoff/ALU Checkoff.srcs/sources_1/imports/verilog/shifter_12.v:7]
INFO: [Synth 8-6157] synthesizing module 'compare_13' [D:/SUTD/50.002 CompStruc/Week 8 ALU sendhelp/ALU Checkoff/work/vivado/ALU Checkoff/ALU Checkoff.srcs/sources_1/imports/verilog/compare_13.v:7]
INFO: [Synth 8-6155] done synthesizing module 'compare_13' (7#1) [D:/SUTD/50.002 CompStruc/Week 8 ALU sendhelp/ALU Checkoff/work/vivado/ALU Checkoff/ALU Checkoff.srcs/sources_1/imports/verilog/compare_13.v:7]
INFO: [Synth 8-226] default block is never used [D:/SUTD/50.002 CompStruc/Week 8 ALU sendhelp/ALU Checkoff/work/vivado/ALU Checkoff/ALU Checkoff.srcs/sources_1/imports/verilog/alu_8.v:96]
INFO: [Synth 8-6155] done synthesizing module 'alu_8' (8#1) [D:/SUTD/50.002 CompStruc/Week 8 ALU sendhelp/ALU Checkoff/work/vivado/ALU Checkoff/ALU Checkoff.srcs/sources_1/imports/verilog/alu_8.v:7]
INFO: [Synth 8-155] case statement is not full and has no default [D:/SUTD/50.002 CompStruc/Week 8 ALU sendhelp/ALU Checkoff/work/vivado/ALU Checkoff/ALU Checkoff.srcs/sources_1/imports/verilog/alu_tester_1.v:67]
INFO: [Synth 8-6155] done synthesizing module 'alu_tester_1' (9#1) [D:/SUTD/50.002 CompStruc/Week 8 ALU sendhelp/ALU Checkoff/work/vivado/ALU Checkoff/ALU Checkoff.srcs/sources_1/imports/verilog/alu_tester_1.v:7]
INFO: [Synth 8-6157] synthesizing module 'alufn_inputter_2' [D:/SUTD/50.002 CompStruc/Week 8 ALU sendhelp/ALU Checkoff/work/vivado/ALU Checkoff/ALU Checkoff.srcs/sources_1/imports/verilog/alufn_inputter_2.v:7]
INFO: [Synth 8-6155] done synthesizing module 'alufn_inputter_2' (10#1) [D:/SUTD/50.002 CompStruc/Week 8 ALU sendhelp/ALU Checkoff/work/vivado/ALU Checkoff/ALU Checkoff.srcs/sources_1/imports/verilog/alufn_inputter_2.v:7]
INFO: [Synth 8-6157] synthesizing module 'alu_check_ans_3' [D:/SUTD/50.002 CompStruc/Week 8 ALU sendhelp/ALU Checkoff/work/vivado/ALU Checkoff/ALU Checkoff.srcs/sources_1/imports/verilog/alu_check_ans_3.v:7]
INFO: [Synth 8-6155] done synthesizing module 'alu_check_ans_3' (11#1) [D:/SUTD/50.002 CompStruc/Week 8 ALU sendhelp/ALU Checkoff/work/vivado/ALU Checkoff/ALU Checkoff.srcs/sources_1/imports/verilog/alu_check_ans_3.v:7]
INFO: [Synth 8-6157] synthesizing module 'alu_errorcase_4' [D:/SUTD/50.002 CompStruc/Week 8 ALU sendhelp/ALU Checkoff/work/vivado/ALU Checkoff/ALU Checkoff.srcs/sources_1/imports/verilog/alu_errorcase_4.v:7]
INFO: [Synth 8-6155] done synthesizing module 'alu_errorcase_4' (12#1) [D:/SUTD/50.002 CompStruc/Week 8 ALU sendhelp/ALU Checkoff/work/vivado/ALU Checkoff/ALU Checkoff.srcs/sources_1/imports/verilog/alu_errorcase_4.v:7]
INFO: [Synth 8-6157] synthesizing module 'reset_conditioner_7' [D:/SUTD/50.002 CompStruc/Week 8 ALU sendhelp/ALU Checkoff/work/vivado/ALU Checkoff/ALU Checkoff.srcs/sources_1/imports/verilog/reset_conditioner_7.v:11]
INFO: [Synth 8-6155] done synthesizing module 'reset_conditioner_7' (13#1) [D:/SUTD/50.002 CompStruc/Week 8 ALU sendhelp/ALU Checkoff/work/vivado/ALU Checkoff/ALU Checkoff.srcs/sources_1/imports/verilog/reset_conditioner_7.v:11]
INFO: [Synth 8-6155] done synthesizing module 'au_top_0' (14#1) [D:/SUTD/50.002 CompStruc/Week 8 ALU sendhelp/ALU Checkoff/work/vivado/ALU Checkoff/ALU Checkoff.srcs/sources_1/imports/verilog/au_top_0.v:7]
WARNING: [Synth 8-3917] design au_top_0 has port led[7] driven by constant 0
WARNING: [Synth 8-3917] design au_top_0 has port led[6] driven by constant 0
WARNING: [Synth 8-3917] design au_top_0 has port led[5] driven by constant 0
WARNING: [Synth 8-3917] design au_top_0 has port led[4] driven by constant 0
WARNING: [Synth 8-3917] design au_top_0 has port led[3] driven by constant 0
WARNING: [Synth 8-3917] design au_top_0 has port led[2] driven by constant 0
WARNING: [Synth 8-3917] design au_top_0 has port led[1] driven by constant 0
WARNING: [Synth 8-3917] design au_top_0 has port led[0] driven by constant 0
WARNING: [Synth 8-3917] design au_top_0 has port io_led[7] driven by constant 0
WARNING: [Synth 8-3917] design au_top_0 has port io_led[6] driven by constant 0
WARNING: [Synth 8-3917] design au_top_0 has port io_led[5] driven by constant 0
WARNING: [Synth 8-3917] design au_top_0 has port io_led[4] driven by constant 0
WARNING: [Synth 8-3917] design au_top_0 has port io_led[3] driven by constant 0
WARNING: [Synth 8-3917] design au_top_0 has port io_led[2] driven by constant 0
WARNING: [Synth 8-3917] design au_top_0 has port io_seg[7] driven by constant 1
WARNING: [Synth 8-3917] design au_top_0 has port io_seg[6] driven by constant 1
WARNING: [Synth 8-3917] design au_top_0 has port io_seg[5] driven by constant 1
WARNING: [Synth 8-3917] design au_top_0 has port io_seg[4] driven by constant 1
WARNING: [Synth 8-3917] design au_top_0 has port io_seg[3] driven by constant 1
WARNING: [Synth 8-3917] design au_top_0 has port io_seg[2] driven by constant 1
WARNING: [Synth 8-3917] design au_top_0 has port io_seg[1] driven by constant 1
WARNING: [Synth 8-3917] design au_top_0 has port io_seg[0] driven by constant 1
WARNING: [Synth 8-3917] design au_top_0 has port io_sel[3] driven by constant 1
WARNING: [Synth 8-3917] design au_top_0 has port io_sel[2] driven by constant 1
WARNING: [Synth 8-3917] design au_top_0 has port io_sel[1] driven by constant 1
WARNING: [Synth 8-3917] design au_top_0 has port io_sel[0] driven by constant 1
WARNING: [Synth 8-7129] Port alufn_signal[5] in module boolean_11 is either unconnected or has no load
WARNING: [Synth 8-7129] Port alufn_signal[4] in module boolean_11 is either unconnected or has no load
WARNING: [Synth 8-7129] Port alufn_signal[5] in module adder_10 is either unconnected or has no load
WARNING: [Synth 8-7129] Port alufn_signal[4] in module adder_10 is either unconnected or has no load
WARNING: [Synth 8-7129] Port alufn_signal[3] in module adder_10 is either unconnected or has no load
WARNING: [Synth 8-7129] Port alufn_signal[2] in module adder_10 is either unconnected or has no load
WARNING: [Synth 8-7129] Port alufn_signal[1] in module adder_10 is either unconnected or has no load
WARNING: [Synth 8-7129] Port io_button[4] in module au_top_0 is either unconnected or has no load
WARNING: [Synth 8-7129] Port io_button[3] in module au_top_0 is either unconnected or has no load
WARNING: [Synth 8-7129] Port io_button[2] in module au_top_0 is either unconnected or has no load
WARNING: [Synth 8-7129] Port io_button[1] in module au_top_0 is either unconnected or has no load
WARNING: [Synth 8-7129] Port io_dip[23] in module au_top_0 is either unconnected or has no load
WARNING: [Synth 8-7129] Port io_dip[22] in module au_top_0 is either unconnected or has no load
WARNING: [Synth 8-7129] Port io_dip[21] in module au_top_0 is either unconnected or has no load
WARNING: [Synth 8-7129] Port io_dip[20] in module au_top_0 is either unconnected or has no load
WARNING: [Synth 8-7129] Port io_dip[19] in module au_top_0 is either unconnected or has no load
WARNING: [Synth 8-7129] Port io_dip[18] in module au_top_0 is either unconnected or has no load
WARNING: [Synth 8-7129] Port io_dip[17] in module au_top_0 is either unconnected or has no load
WARNING: [Synth 8-7129] Port io_dip[16] in module au_top_0 is either unconnected or has no load
WARNING: [Synth 8-7129] Port io_dip[15] in module au_top_0 is either unconnected or has no load
WARNING: [Synth 8-7129] Port io_dip[14] in module au_top_0 is either unconnected or has no load
WARNING: [Synth 8-7129] Port io_dip[13] in module au_top_0 is either unconnected or has no load
WARNING: [Synth 8-7129] Port io_dip[12] in module au_top_0 is either unconnected or has no load
WARNING: [Synth 8-7129] Port io_dip[11] in module au_top_0 is either unconnected or has no load
WARNING: [Synth 8-7129] Port io_dip[10] in module au_top_0 is either unconnected or has no load
WARNING: [Synth 8-7129] Port io_dip[9] in module au_top_0 is either unconnected or has no load
WARNING: [Synth 8-7129] Port io_dip[7] in module au_top_0 is either unconnected or has no load
WARNING: [Synth 8-7129] Port io_dip[6] in module au_top_0 is either unconnected or has no load
WARNING: [Synth 8-7129] Port io_dip[5] in module au_top_0 is either unconnected or has no load
WARNING: [Synth 8-7129] Port io_dip[4] in module au_top_0 is either unconnected or has no load
WARNING: [Synth 8-7129] Port io_dip[3] in module au_top_0 is either unconnected or has no load
WARNING: [Synth 8-7129] Port io_dip[2] in module au_top_0 is either unconnected or has no load
---------------------------------------------------------------------------------
Finished RTL Elaboration : Time (s): cpu = 00:00:05 ; elapsed = 00:00:05 . Memory (MB): peak = 1412.723 ; gain = 0.000
---------------------------------------------------------------------------------
---------------------------------------------------------------------------------
Start Handling Custom Attributes
---------------------------------------------------------------------------------
---------------------------------------------------------------------------------
Finished Handling Custom Attributes : Time (s): cpu = 00:00:06 ; elapsed = 00:00:06 . Memory (MB): peak = 1412.723 ; gain = 0.000
---------------------------------------------------------------------------------
---------------------------------------------------------------------------------
Finished RTL Optimization Phase 1 : Time (s): cpu = 00:00:06 ; elapsed = 00:00:06 . Memory (MB): peak = 1412.723 ; gain = 0.000
---------------------------------------------------------------------------------
Netlist sorting complete. Time (s): cpu = 00:00:00 ; elapsed = 00:00:00.004 . Memory (MB): peak = 1412.723 ; gain = 0.000
INFO: [Project 1-570] Preparing netlist for logic optimization

Processing XDC Constraints
Initializing timing engine
Parsing XDC File [G:/Program Files G Drive/AlchitryLabs/library/components/au.xdc]
Finished Parsing XDC File [G:/Program Files G Drive/AlchitryLabs/library/components/au.xdc]
Parsing XDC File [D:/SUTD/50.002 CompStruc/Week 8 ALU sendhelp/ALU Checkoff/work/constraint/io.xdc]
Finished Parsing XDC File [D:/SUTD/50.002 CompStruc/Week 8 ALU sendhelp/ALU Checkoff/work/constraint/io.xdc]
INFO: [Project 1-236] Implementation specific constraints were found while reading constraint file [D:/SUTD/50.002 CompStruc/Week 8 ALU sendhelp/ALU Checkoff/work/constraint/io.xdc]. These constraints will be ignored for synthesis but will be used in implementation. Impacted constraints are listed in the file [.Xil/au_top_0_propImpl.xdc].
Resolution: To avoid this warning, move constraints listed in [.Xil/au_top_0_propImpl.xdc] to another XDC file and exclude this new file from synthesis with the used_in_synthesis property (File Properties dialog in GUI) and re-run elaboration/synthesis.
Parsing XDC File [D:/SUTD/50.002 CompStruc/Week 8 ALU sendhelp/ALU Checkoff/work/constraint/alchitry.xdc]
Finished Parsing XDC File [D:/SUTD/50.002 CompStruc/Week 8 ALU sendhelp/ALU Checkoff/work/constraint/alchitry.xdc]
INFO: [Project 1-236] Implementation specific constraints were found while reading constraint file [D:/SUTD/50.002 CompStruc/Week 8 ALU sendhelp/ALU Checkoff/work/constraint/alchitry.xdc]. These constraints will be ignored for synthesis but will be used in implementation. Impacted constraints are listed in the file [.Xil/au_top_0_propImpl.xdc].
Resolution: To avoid this warning, move constraints listed in [.Xil/au_top_0_propImpl.xdc] to another XDC file and exclude this new file from synthesis with the used_in_synthesis property (File Properties dialog in GUI) and re-run elaboration/synthesis.
Completed Processing XDC Constraints

Netlist sorting complete. Time (s): cpu = 00:00:00 ; elapsed = 00:00:00 . Memory (MB): peak = 1412.723 ; gain = 0.000
INFO: [Project 1-111] Unisim Transformation Summary:
No Unisim elements were transformed.

Constraint Validation Runtime : Time (s): cpu = 00:00:00 ; elapsed = 00:00:00.002 . Memory (MB): peak = 1412.723 ; gain = 0.000
---------------------------------------------------------------------------------
Finished Constraint Validation : Time (s): cpu = 00:00:12 ; elapsed = 00:00:11 . Memory (MB): peak = 1412.723 ; gain = 0.000
---------------------------------------------------------------------------------
---------------------------------------------------------------------------------
Start Loading Part and Timing Information
---------------------------------------------------------------------------------
Loading part: xc7a35tftg256-1
---------------------------------------------------------------------------------
Finished Loading Part and Timing Information : Time (s): cpu = 00:00:12 ; elapsed = 00:00:11 . Memory (MB): peak = 1412.723 ; gain = 0.000
---------------------------------------------------------------------------------
---------------------------------------------------------------------------------
Start Applying 'set_property' XDC Constraints
---------------------------------------------------------------------------------
---------------------------------------------------------------------------------
Finished applying 'set_property' XDC Constraints : Time (s): cpu = 00:00:12 ; elapsed = 00:00:12 . Memory (MB): peak = 1412.723 ; gain = 0.000
---------------------------------------------------------------------------------
INFO: [Synth 8-802] inferred FSM for state register 'M_controller_q_reg' in module 'alu_tester_1'
---------------------------------------------------------------------------------------------------
                   State |                     New Encoding |                Previous Encoding 
---------------------------------------------------------------------------------------------------
           S0_controller |                              001 |                               00
           S1_controller |                              010 |                               01
           S2_controller |                              100 |                               10
---------------------------------------------------------------------------------------------------
INFO: [Synth 8-3354] encoded FSM with state register 'M_controller_q_reg' using encoding 'one-hot' in module 'alu_tester_1'
WARNING: [Synth 8-327] inferring latch for variable 'checkans_reg' [D:/SUTD/50.002 CompStruc/Week 8 ALU sendhelp/ALU Checkoff/work/vivado/ALU Checkoff/ALU Checkoff.srcs/sources_1/imports/verilog/alu_check_ans_3.v:123]
---------------------------------------------------------------------------------
Finished RTL Optimization Phase 2 : Time (s): cpu = 00:00:12 ; elapsed = 00:00:12 . Memory (MB): peak = 1412.723 ; gain = 0.000
---------------------------------------------------------------------------------
---------------------------------------------------------------------------------
Start RTL Component Statistics 
---------------------------------------------------------------------------------
Detailed RTL Component Info : 
+---Adders : 
	   3 Input   16 Bit       Adders := 1     
	   2 Input   16 Bit       Adders := 1     
+---XORs : 
	   2 Input     16 Bit         XORs := 1     
	   2 Input      1 Bit         XORs := 2     
+---Registers : 
	                4 Bit    Registers := 1     
	                2 Bit    Registers := 1     
	                1 Bit    Registers := 1     
+---Muxes : 
	   2 Input   16 Bit        Muxes := 4     
	   4 Input   16 Bit        Muxes := 3     
	   3 Input   16 Bit        Muxes := 2     
	   2 Input    6 Bit        Muxes := 1     
	   3 Input    2 Bit        Muxes := 3     
	   4 Input    2 Bit        Muxes := 4     
	   2 Input    1 Bit        Muxes := 4     
	   3 Input    1 Bit        Muxes := 1     
	   7 Input    1 Bit        Muxes := 1     
---------------------------------------------------------------------------------
Finished RTL Component Statistics 
---------------------------------------------------------------------------------
---------------------------------------------------------------------------------
Start Part Resource Summary
---------------------------------------------------------------------------------
Part Resources:
DSPs: 90 (col length:60)
BRAMs: 100 (col length: RAMB18 60 RAMB36 30)
---------------------------------------------------------------------------------
Finished Part Resource Summary
---------------------------------------------------------------------------------
---------------------------------------------------------------------------------
Start Cross Boundary and Area Optimization
---------------------------------------------------------------------------------
WARNING: [Synth 8-7080] Parallel synthesis criteria is not met
DSP Report: Generating DSP alutest/alutest/out0, operation Mode is: A*B.
DSP Report: operator alutest/alutest/out0 is absorbed into DSP alutest/alutest/out0.
WARNING: [Synth 8-3917] design au_top_0 has port led[7] driven by constant 0
WARNING: [Synth 8-3917] design au_top_0 has port led[6] driven by constant 0
WARNING: [Synth 8-3917] design au_top_0 has port led[5] driven by constant 0
WARNING: [Synth 8-3917] design au_top_0 has port led[4] driven by constant 0
WARNING: [Synth 8-3917] design au_top_0 has port led[3] driven by constant 0
WARNING: [Synth 8-3917] design au_top_0 has port led[2] driven by constant 0
WARNING: [Synth 8-3917] design au_top_0 has port led[1] driven by constant 0
WARNING: [Synth 8-3917] design au_top_0 has port led[0] driven by constant 0
WARNING: [Synth 8-3917] design au_top_0 has port io_led[7] driven by constant 0
WARNING: [Synth 8-3917] design au_top_0 has port io_led[6] driven by constant 0
WARNING: [Synth 8-3917] design au_top_0 has port io_led[5] driven by constant 0
WARNING: [Synth 8-3917] design au_top_0 has port io_led[4] driven by constant 0
WARNING: [Synth 8-3917] design au_top_0 has port io_led[3] driven by constant 0
WARNING: [Synth 8-3917] design au_top_0 has port io_led[2] driven by constant 0
WARNING: [Synth 8-3917] design au_top_0 has port io_seg[7] driven by constant 1
WARNING: [Synth 8-3917] design au_top_0 has port io_seg[6] driven by constant 1
WARNING: [Synth 8-3917] design au_top_0 has port io_seg[5] driven by constant 1
WARNING: [Synth 8-3917] design au_top_0 has port io_seg[4] driven by constant 1
WARNING: [Synth 8-3917] design au_top_0 has port io_seg[3] driven by constant 1
WARNING: [Synth 8-3917] design au_top_0 has port io_seg[2] driven by constant 1
WARNING: [Synth 8-3917] design au_top_0 has port io_seg[1] driven by constant 1
WARNING: [Synth 8-3917] design au_top_0 has port io_seg[0] driven by constant 1
WARNING: [Synth 8-3917] design au_top_0 has port io_sel[3] driven by constant 1
WARNING: [Synth 8-3917] design au_top_0 has port io_sel[2] driven by constant 1
WARNING: [Synth 8-3917] design au_top_0 has port io_sel[1] driven by constant 1
WARNING: [Synth 8-3917] design au_top_0 has port io_sel[0] driven by constant 1
WARNING: [Synth 8-7129] Port io_button[4] in module au_top_0 is either unconnected or has no load
WARNING: [Synth 8-7129] Port io_button[3] in module au_top_0 is either unconnected or has no load
WARNING: [Synth 8-7129] Port io_button[2] in module au_top_0 is either unconnected or has no load
WARNING: [Synth 8-7129] Port io_button[1] in module au_top_0 is either unconnected or has no load
WARNING: [Synth 8-7129] Port io_dip[23] in module au_top_0 is either unconnected or has no load
WARNING: [Synth 8-7129] Port io_dip[22] in module au_top_0 is either unconnected or has no load
WARNING: [Synth 8-7129] Port io_dip[21] in module au_top_0 is either unconnected or has no load
WARNING: [Synth 8-7129] Port io_dip[20] in module au_top_0 is either unconnected or has no load
WARNING: [Synth 8-7129] Port io_dip[19] in module au_top_0 is either unconnected or has no load
WARNING: [Synth 8-7129] Port io_dip[18] in module au_top_0 is either unconnected or has no load
WARNING: [Synth 8-7129] Port io_dip[17] in module au_top_0 is either unconnected or has no load
WARNING: [Synth 8-7129] Port io_dip[16] in module au_top_0 is either unconnected or has no load
WARNING: [Synth 8-7129] Port io_dip[15] in module au_top_0 is either unconnected or has no load
WARNING: [Synth 8-7129] Port io_dip[14] in module au_top_0 is either unconnected or has no load
WARNING: [Synth 8-7129] Port io_dip[13] in module au_top_0 is either unconnected or has no load
WARNING: [Synth 8-7129] Port io_dip[12] in module au_top_0 is either unconnected or has no load
WARNING: [Synth 8-7129] Port io_dip[11] in module au_top_0 is either unconnected or has no load
WARNING: [Synth 8-7129] Port io_dip[10] in module au_top_0 is either unconnected or has no load
WARNING: [Synth 8-7129] Port io_dip[9] in module au_top_0 is either unconnected or has no load
WARNING: [Synth 8-7129] Port io_dip[7] in module au_top_0 is either unconnected or has no load
WARNING: [Synth 8-7129] Port io_dip[6] in module au_top_0 is either unconnected or has no load
WARNING: [Synth 8-7129] Port io_dip[5] in module au_top_0 is either unconnected or has no load
WARNING: [Synth 8-7129] Port io_dip[4] in module au_top_0 is either unconnected or has no load
WARNING: [Synth 8-7129] Port io_dip[3] in module au_top_0 is either unconnected or has no load
WARNING: [Synth 8-7129] Port io_dip[2] in module au_top_0 is either unconnected or has no load
WARNING: [Synth 8-3332] Sequential element (checkans/checkans_reg[0]) is unused and will be removed from module au_top_0.
---------------------------------------------------------------------------------
Finished Cross Boundary and Area Optimization : Time (s): cpu = 00:00:14 ; elapsed = 00:00:14 . Memory (MB): peak = 1412.723 ; gain = 0.000
---------------------------------------------------------------------------------
---------------------------------------------------------------------------------
Start ROM, RAM, DSP, Shift Register and Retiming Reporting
---------------------------------------------------------------------------------

DSP: Preliminary Mapping Report (see note below. The ' indicates corresponding REG is set)
+------------+-------------+--------+--------+--------+--------+--------+------+------+------+------+-------+------+------+
|Module Name | DSP Mapping | A Size | B Size | C Size | D Size | P Size | AREG | BREG | CREG | DREG | ADREG | MREG | PREG | 
+------------+-------------+--------+--------+--------+--------+--------+------+------+------+------+-------+------+------+
|alu_8       | A*B         | 16     | 16     | -      | -      | 32     | 0    | 0    | -    | -    | -     | 0    | 0    | 
+------------+-------------+--------+--------+--------+--------+--------+------+------+------+------+-------+------+------+

Note: The table above is a preliminary report that shows the DSPs inferred at the current stage of the synthesis flow. Some DSP may be reimplemented as non DSP primitives later in the synthesis flow. Multiple instantiated DSPs are reported only once.
---------------------------------------------------------------------------------
Finished ROM, RAM, DSP, Shift Register and Retiming Reporting
---------------------------------------------------------------------------------
---------------------------------------------------------------------------------
Start Applying XDC Timing Constraints
---------------------------------------------------------------------------------
---------------------------------------------------------------------------------
Finished Applying XDC Timing Constraints : Time (s): cpu = 00:00:19 ; elapsed = 00:00:19 . Memory (MB): peak = 1412.723 ; gain = 0.000
---------------------------------------------------------------------------------
---------------------------------------------------------------------------------
Start Timing Optimization
---------------------------------------------------------------------------------
---------------------------------------------------------------------------------
Finished Timing Optimization : Time (s): cpu = 00:00:19 ; elapsed = 00:00:19 . Memory (MB): peak = 1412.723 ; gain = 0.000
---------------------------------------------------------------------------------
---------------------------------------------------------------------------------
Start Technology Mapping
---------------------------------------------------------------------------------
---------------------------------------------------------------------------------
Finished Technology Mapping : Time (s): cpu = 00:00:19 ; elapsed = 00:00:19 . Memory (MB): peak = 1412.723 ; gain = 0.000
---------------------------------------------------------------------------------
---------------------------------------------------------------------------------
Start IO Insertion
---------------------------------------------------------------------------------
---------------------------------------------------------------------------------
Start Flattening Before IO Insertion
---------------------------------------------------------------------------------
---------------------------------------------------------------------------------
Finished Flattening Before IO Insertion
---------------------------------------------------------------------------------
---------------------------------------------------------------------------------
Start Final Netlist Cleanup
---------------------------------------------------------------------------------
---------------------------------------------------------------------------------
Finished Final Netlist Cleanup
---------------------------------------------------------------------------------
---------------------------------------------------------------------------------
Finished IO Insertion : Time (s): cpu = 00:00:23 ; elapsed = 00:00:23 . Memory (MB): peak = 1412.723 ; gain = 0.000
---------------------------------------------------------------------------------
---------------------------------------------------------------------------------
Start Renaming Generated Instances
---------------------------------------------------------------------------------
---------------------------------------------------------------------------------
Finished Renaming Generated Instances : Time (s): cpu = 00:00:23 ; elapsed = 00:00:23 . Memory (MB): peak = 1412.723 ; gain = 0.000
---------------------------------------------------------------------------------
---------------------------------------------------------------------------------
Start Rebuilding User Hierarchy
---------------------------------------------------------------------------------
---------------------------------------------------------------------------------
Finished Rebuilding User Hierarchy : Time (s): cpu = 00:00:23 ; elapsed = 00:00:23 . Memory (MB): peak = 1412.723 ; gain = 0.000
---------------------------------------------------------------------------------
---------------------------------------------------------------------------------
Start Renaming Generated Ports
---------------------------------------------------------------------------------
---------------------------------------------------------------------------------
Finished Renaming Generated Ports : Time (s): cpu = 00:00:23 ; elapsed = 00:00:23 . Memory (MB): peak = 1412.723 ; gain = 0.000
---------------------------------------------------------------------------------
---------------------------------------------------------------------------------
Start Handling Custom Attributes
---------------------------------------------------------------------------------
---------------------------------------------------------------------------------
Finished Handling Custom Attributes : Time (s): cpu = 00:00:23 ; elapsed = 00:00:23 . Memory (MB): peak = 1412.723 ; gain = 0.000
---------------------------------------------------------------------------------
---------------------------------------------------------------------------------
Start Renaming Generated Nets
---------------------------------------------------------------------------------
---------------------------------------------------------------------------------
Finished Renaming Generated Nets : Time (s): cpu = 00:00:23 ; elapsed = 00:00:23 . Memory (MB): peak = 1412.723 ; gain = 0.000
---------------------------------------------------------------------------------
---------------------------------------------------------------------------------
Start Writing Synthesis Report
---------------------------------------------------------------------------------

Report BlackBoxes: 
+-+--------------+----------+
| |BlackBox name |Instances |
+-+--------------+----------+
+-+--------------+----------+

Report Cell Usage: 
+------+-------+------+
|      |Cell   |Count |
+------+-------+------+
|1     |BUFG   |     1|
|2     |CARRY4 |    12|
|3     |LUT1   |     6|
|4     |LUT2   |    10|
|5     |LUT3   |    19|
|6     |LUT4   |     3|
|7     |LUT5   |    12|
|8     |LUT6   |    17|
|9     |FDRE   |    26|
|10    |FDSE   |     4|
|11    |LD     |     1|
|12    |IBUF   |     7|
|13    |OBUF   |    45|
+------+-------+------+
---------------------------------------------------------------------------------
Finished Writing Synthesis Report : Time (s): cpu = 00:00:23 ; elapsed = 00:00:23 . Memory (MB): peak = 1412.723 ; gain = 0.000
---------------------------------------------------------------------------------
Synthesis finished with 0 errors, 0 critical warnings and 54 warnings.
Synthesis Optimization Runtime : Time (s): cpu = 00:00:15 ; elapsed = 00:00:21 . Memory (MB): peak = 1412.723 ; gain = 0.000
Synthesis Optimization Complete : Time (s): cpu = 00:00:23 ; elapsed = 00:00:23 . Memory (MB): peak = 1412.723 ; gain = 0.000
INFO: [Project 1-571] Translating synthesized netlist
Netlist sorting complete. Time (s): cpu = 00:00:00 ; elapsed = 00:00:00.002 . Memory (MB): peak = 1412.723 ; gain = 0.000
INFO: [Netlist 29-17] Analyzing 13 Unisim elements for replacement
INFO: [Netlist 29-28] Unisim Transformation completed in 0 CPU seconds
INFO: [Project 1-570] Preparing netlist for logic optimization
INFO: [Opt 31-138] Pushed 0 inverter(s) to 0 load pin(s).
Netlist sorting complete. Time (s): cpu = 00:00:00 ; elapsed = 00:00:00 . Memory (MB): peak = 1412.723 ; gain = 0.000
INFO: [Project 1-111] Unisim Transformation Summary:
  A total of 1 instances were transformed.
  LD => LDCE: 1 instance 

Synth Design complete, checksum: 6eef10fe
INFO: [Common 17-83] Releasing license: Synthesis
49 Infos, 112 Warnings, 0 Critical Warnings and 0 Errors encountered.
synth_design completed successfully
synth_design: Time (s): cpu = 00:00:26 ; elapsed = 00:00:26 . Memory (MB): peak = 1412.723 ; gain = 0.000
INFO: [Common 17-1381] The checkpoint 'D:/SUTD/50.002 CompStruc/Week 8 ALU sendhelp/ALU Checkoff/work/vivado/ALU Checkoff/ALU Checkoff.runs/synth_1/au_top_0.dcp' has been generated.
INFO: [runtcl-4] Executing : report_utilization -file au_top_0_utilization_synth.rpt -pb au_top_0_utilization_synth.pb
INFO: [Common 17-206] Exiting Vivado at Wed Mar  9 20:15:39 2022...
[Wed Mar  9 20:15:40 2022] synth_1 finished
wait_on_runs: Time (s): cpu = 00:00:00 ; elapsed = 00:00:35 . Memory (MB): peak = 1413.309 ; gain = 0.000
# launch_runs impl_1 -to_step write_bitstream -jobs 8
[Wed Mar  9 20:15:40 2022] Launched impl_1...
Run output will be captured here: D:/SUTD/50.002 CompStruc/Week 8 ALU sendhelp/ALU Checkoff/work/vivado/ALU Checkoff/ALU Checkoff.runs/impl_1/runme.log
# wait_on_run impl_1
[Wed Mar  9 20:15:40 2022] Waiting for impl_1 to finish...


*** Running vivado
    with args -log au_top_0.vdi -applog -m64 -product Vivado -messageDb vivado.pb -mode batch -source au_top_0.tcl -notrace



****** Vivado v2021.2 (64-bit)
  **** SW Build 3367213 on Tue Oct 19 02:48:09 MDT 2021
  **** IP Build 3369179 on Thu Oct 21 08:25:16 MDT 2021
    ** Copyright 1986-2021 Xilinx, Inc. All Rights Reserved.

source au_top_0.tcl -notrace
Command: link_design -top au_top_0 -part xc7a35tftg256-1
Design is defaulting to srcset: sources_1
Design is defaulting to constrset: constrs_1
INFO: [Device 21-403] Loading part xc7a35tftg256-1
Netlist sorting complete. Time (s): cpu = 00:00:00 ; elapsed = 00:00:00.001 . Memory (MB): peak = 1413.422 ; gain = 0.000
INFO: [Netlist 29-17] Analyzing 12 Unisim elements for replacement
INFO: [Netlist 29-28] Unisim Transformation completed in 0 CPU seconds
INFO: [Project 1-479] Netlist was created with Vivado 2021.2
INFO: [Project 1-570] Preparing netlist for logic optimization
Parsing XDC File [G:/Program Files G Drive/AlchitryLabs/library/components/au.xdc]
Finished Parsing XDC File [G:/Program Files G Drive/AlchitryLabs/library/components/au.xdc]
Parsing XDC File [D:/SUTD/50.002 CompStruc/Week 8 ALU sendhelp/ALU Checkoff/work/constraint/io.xdc]
Finished Parsing XDC File [D:/SUTD/50.002 CompStruc/Week 8 ALU sendhelp/ALU Checkoff/work/constraint/io.xdc]
Parsing XDC File [D:/SUTD/50.002 CompStruc/Week 8 ALU sendhelp/ALU Checkoff/work/constraint/alchitry.xdc]
Finished Parsing XDC File [D:/SUTD/50.002 CompStruc/Week 8 ALU sendhelp/ALU Checkoff/work/constraint/alchitry.xdc]
INFO: [Opt 31-138] Pushed 0 inverter(s) to 0 load pin(s).
Netlist sorting complete. Time (s): cpu = 00:00:00 ; elapsed = 00:00:00 . Memory (MB): peak = 1413.422 ; gain = 0.000
INFO: [Project 1-111] Unisim Transformation Summary:
No Unisim elements were transformed.

7 Infos, 0 Warnings, 0 Critical Warnings and 0 Errors encountered.
link_design completed successfully
Command: opt_design
Attempting to get a license for feature 'Implementation' and/or device 'xc7a35t'
INFO: [Common 17-349] Got license for feature 'Implementation' and/or device 'xc7a35t'
Running DRC as a precondition to command opt_design

Starting DRC Task
INFO: [DRC 23-27] Running DRC with 2 threads
INFO: [Project 1-461] DRC finished with 0 Errors
INFO: [Project 1-462] Please refer to the DRC report (report_drc) for more information.

Time (s): cpu = 00:00:01 ; elapsed = 00:00:00.731 . Memory (MB): peak = 1413.422 ; gain = 0.000

Starting Cache Timing Information Task
INFO: [Timing 38-35] Done setting XDC timing constraints.
Ending Cache Timing Information Task | Checksum: 157d9cbf1

Time (s): cpu = 00:00:06 ; elapsed = 00:00:06 . Memory (MB): peak = 1570.668 ; gain = 157.246

Starting Logic Optimization Task

Phase 1 Retarget
INFO: [Opt 31-138] Pushed 0 inverter(s) to 0 load pin(s).
INFO: [Opt 31-49] Retargeted 0 cell(s).
Phase 1 Retarget | Checksum: 157d9cbf1

Time (s): cpu = 00:00:00 ; elapsed = 00:00:00.009 . Memory (MB): peak = 1857.410 ; gain = 0.000
INFO: [Opt 31-389] Phase Retarget created 0 cells and removed 0 cells

Phase 2 Constant propagation
INFO: [Opt 31-138] Pushed 0 inverter(s) to 0 load pin(s).
Phase 2 Constant propagation | Checksum: 157d9cbf1

Time (s): cpu = 00:00:00 ; elapsed = 00:00:00.010 . Memory (MB): peak = 1857.410 ; gain = 0.000
INFO: [Opt 31-389] Phase Constant propagation created 0 cells and removed 0 cells

Phase 3 Sweep
Phase 3 Sweep | Checksum: 17a4ada03

Time (s): cpu = 00:00:00 ; elapsed = 00:00:00.013 . Memory (MB): peak = 1857.410 ; gain = 0.000
INFO: [Opt 31-389] Phase Sweep created 0 cells and removed 0 cells

Phase 4 BUFG optimization
Phase 4 BUFG optimization | Checksum: 17a4ada03

Time (s): cpu = 00:00:00 ; elapsed = 00:00:00.017 . Memory (MB): peak = 1857.410 ; gain = 0.000
INFO: [Opt 31-662] Phase BUFG optimization created 0 cells of which 0 are BUFGs and removed 0 cells.

Phase 5 Shift Register Optimization
INFO: [Opt 31-1064] SRL Remap converted 0 SRLs to 0 registers and converted 0 registers of register chains to 0 SRLs
Phase 5 Shift Register Optimization | Checksum: 17a4ada03

Time (s): cpu = 00:00:00 ; elapsed = 00:00:00.018 . Memory (MB): peak = 1857.410 ; gain = 0.000
INFO: [Opt 31-389] Phase Shift Register Optimization created 0 cells and removed 0 cells

Phase 6 Post Processing Netlist
Phase 6 Post Processing Netlist | Checksum: 17a4ada03

Time (s): cpu = 00:00:00 ; elapsed = 00:00:00.019 . Memory (MB): peak = 1857.410 ; gain = 0.000
INFO: [Opt 31-389] Phase Post Processing Netlist created 0 cells and removed 0 cells
Opt_design Change Summary
=========================


-------------------------------------------------------------------------------------------------------------------------
|  Phase                        |  #Cells created  |  #Cells Removed  |  #Constrained objects preventing optimizations  |
-------------------------------------------------------------------------------------------------------------------------
|  Retarget                     |               0  |               0  |                                              0  |
|  Constant propagation         |               0  |               0  |                                              0  |
|  Sweep                        |               0  |               0  |                                              0  |
|  BUFG optimization            |               0  |               0  |                                              0  |
|  Shift Register Optimization  |               0  |               0  |                                              0  |
|  Post Processing Netlist      |               0  |               0  |                                              0  |
-------------------------------------------------------------------------------------------------------------------------



Starting Connectivity Check Task

Time (s): cpu = 00:00:00 ; elapsed = 00:00:00 . Memory (MB): peak = 1857.410 ; gain = 0.000
Ending Logic Optimization Task | Checksum: a469803d

Time (s): cpu = 00:00:00 ; elapsed = 00:00:00.026 . Memory (MB): peak = 1857.410 ; gain = 0.000

Starting Power Optimization Task
INFO: [Pwropt 34-132] Skipping clock gating for clocks with a period < 2.00 ns.
Ending Power Optimization Task | Checksum: a469803d

Time (s): cpu = 00:00:00 ; elapsed = 00:00:00.006 . Memory (MB): peak = 1857.410 ; gain = 0.000

Starting Final Cleanup Task
Ending Final Cleanup Task | Checksum: a469803d

Time (s): cpu = 00:00:00 ; elapsed = 00:00:00 . Memory (MB): peak = 1857.410 ; gain = 0.000

Starting Netlist Obfuscation Task
Netlist sorting complete. Time (s): cpu = 00:00:00 ; elapsed = 00:00:00 . Memory (MB): peak = 1857.410 ; gain = 0.000
Ending Netlist Obfuscation Task | Checksum: a469803d

Time (s): cpu = 00:00:00 ; elapsed = 00:00:00 . Memory (MB): peak = 1857.410 ; gain = 0.000
INFO: [Common 17-83] Releasing license: Implementation
24 Infos, 0 Warnings, 0 Critical Warnings and 0 Errors encountered.
opt_design completed successfully
opt_design: Time (s): cpu = 00:00:10 ; elapsed = 00:00:09 . Memory (MB): peak = 1857.410 ; gain = 443.988
INFO: [Timing 38-480] Writing timing data to binary archive.
Writing placer database...
Writing XDEF routing.
Writing XDEF routing logical nets.
Writing XDEF routing special nets.
Write XDEF Complete: Time (s): cpu = 00:00:00 ; elapsed = 00:00:00.026 . Memory (MB): peak = 1857.410 ; gain = 0.000
INFO: [Common 17-1381] The checkpoint 'D:/SUTD/50.002 CompStruc/Week 8 ALU sendhelp/ALU Checkoff/work/vivado/ALU Checkoff/ALU Checkoff.runs/impl_1/au_top_0_opt.dcp' has been generated.
INFO: [runtcl-4] Executing : report_drc -file au_top_0_drc_opted.rpt -pb au_top_0_drc_opted.pb -rpx au_top_0_drc_opted.rpx
Command: report_drc -file au_top_0_drc_opted.rpt -pb au_top_0_drc_opted.pb -rpx au_top_0_drc_opted.rpx
INFO: [IP_Flow 19-234] Refreshing IP repositories
INFO: [IP_Flow 19-1704] No user IP repositories specified
INFO: [IP_Flow 19-2313] Loaded Vivado IP repository 'G:/XIlinx/Vivado/2021.2/data/ip'.
INFO: [Timing 38-35] Done setting XDC timing constraints.
INFO: [DRC 23-27] Running DRC with 2 threads
INFO: [Vivado_Tcl 2-168] The results of DRC are in file D:/SUTD/50.002 CompStruc/Week 8 ALU sendhelp/ALU Checkoff/work/vivado/ALU Checkoff/ALU Checkoff.runs/impl_1/au_top_0_drc_opted.rpt.
report_drc completed successfully
Command: place_design
Attempting to get a license for feature 'Implementation' and/or device 'xc7a35t'
INFO: [Common 17-349] Got license for feature 'Implementation' and/or device 'xc7a35t'
INFO: [DRC 23-27] Running DRC with 2 threads
INFO: [Vivado_Tcl 4-198] DRC finished with 0 Errors
INFO: [Vivado_Tcl 4-199] Please refer to the DRC report (report_drc) for more information.
Running DRC as a precondition to command place_design
INFO: [DRC 23-27] Running DRC with 2 threads
INFO: [Vivado_Tcl 4-198] DRC finished with 0 Errors
INFO: [Vivado_Tcl 4-199] Please refer to the DRC report (report_drc) for more information.

Starting Placer Task
INFO: [Place 30-611] Multithreading enabled for place_design using a maximum of 2 CPUs

Phase 1 Placer Initialization

Phase 1.1 Placer Initialization Netlist Sorting
Netlist sorting complete. Time (s): cpu = 00:00:00 ; elapsed = 00:00:00 . Memory (MB): peak = 1898.520 ; gain = 0.000
Phase 1.1 Placer Initialization Netlist Sorting | Checksum: 9f891cea

Time (s): cpu = 00:00:00 ; elapsed = 00:00:00.003 . Memory (MB): peak = 1898.520 ; gain = 0.000
Netlist sorting complete. Time (s): cpu = 00:00:00 ; elapsed = 00:00:00 . Memory (MB): peak = 1898.520 ; gain = 0.000

Phase 1.2 IO Placement/ Clock Placement/ Build Placer Device
Phase 1.2 IO Placement/ Clock Placement/ Build Placer Device | Checksum: c0f589b6

Time (s): cpu = 00:00:00 ; elapsed = 00:00:00.202 . Memory (MB): peak = 1898.520 ; gain = 0.000

Phase 1.3 Build Placer Netlist Model
Phase 1.3 Build Placer Netlist Model | Checksum: 124a7251f

Time (s): cpu = 00:00:00 ; elapsed = 00:00:00.266 . Memory (MB): peak = 1898.520 ; gain = 0.000

Phase 1.4 Constrain Clocks/Macros
Phase 1.4 Constrain Clocks/Macros | Checksum: 124a7251f

Time (s): cpu = 00:00:00 ; elapsed = 00:00:00.268 . Memory (MB): peak = 1898.520 ; gain = 0.000
Phase 1 Placer Initialization | Checksum: 124a7251f

Time (s): cpu = 00:00:00 ; elapsed = 00:00:00.270 . Memory (MB): peak = 1898.520 ; gain = 0.000

Phase 2 Global Placement

Phase 2.1 Floorplanning
Phase 2.1 Floorplanning | Checksum: 10efe4687

Time (s): cpu = 00:00:01 ; elapsed = 00:00:00.332 . Memory (MB): peak = 1898.520 ; gain = 0.000

Phase 2.2 Update Timing before SLR Path Opt
Phase 2.2 Update Timing before SLR Path Opt | Checksum: 174d53685

Time (s): cpu = 00:00:01 ; elapsed = 00:00:00.366 . Memory (MB): peak = 1898.520 ; gain = 0.000

Phase 2.3 Post-Processing in Floorplanning
Phase 2.3 Post-Processing in Floorplanning | Checksum: 174d53685

Time (s): cpu = 00:00:01 ; elapsed = 00:00:00.367 . Memory (MB): peak = 1898.520 ; gain = 0.000

Phase 2.4 Global Placement Core

Phase 2.4.1 Physical Synthesis In Placer
INFO: [Physopt 32-1035] Found 0 LUTNM shape to break, 3 LUT instances to create LUTNM shape
INFO: [Physopt 32-1044] Break lutnm for timing: one critical 0, two critical 0, total 0, new lutff created 0
INFO: [Physopt 32-1138] End 1 Pass. Optimized 2 nets or LUTs. Breaked 0 LUT, combined 2 existing LUTs and moved 0 existing LUT
INFO: [Physopt 32-65] No nets found for high-fanout optimization.
INFO: [Physopt 32-232] Optimized 0 net. Created 0 new instance.
INFO: [Physopt 32-775] End 1 Pass. Optimized 0 net or cell. Created 0 new cell, deleted 0 existing cell and moved 0 existing cell
INFO: [Physopt 32-670] No setup violation found.  DSP Register Optimization was not performed.
INFO: [Physopt 32-670] No setup violation found.  Shift Register to Pipeline Optimization was not performed.
INFO: [Physopt 32-670] No setup violation found.  Shift Register Optimization was not performed.
INFO: [Physopt 32-670] No setup violation found.  BRAM Register Optimization was not performed.
INFO: [Physopt 32-670] No setup violation found.  URAM Register Optimization was not performed.
INFO: [Physopt 32-949] No candidate nets found for dynamic/static region interface net replication
INFO: [Physopt 32-775] End 1 Pass. Optimized 0 net or cell. Created 0 new cell, deleted 0 existing cell and moved 0 existing cell
Netlist sorting complete. Time (s): cpu = 00:00:00 ; elapsed = 00:00:00 . Memory (MB): peak = 1898.520 ; gain = 0.000

Summary of Physical Synthesis Optimizations
============================================


-----------------------------------------------------------------------------------------------------------------------------------------------------------
|  Optimization                                     |  Added Cells  |  Removed Cells  |  Optimized Cells/Nets  |  Dont Touch  |  Iterations  |  Elapsed   |
-----------------------------------------------------------------------------------------------------------------------------------------------------------
|  LUT Combining                                    |            0  |              2  |                     2  |           0  |           1  |  00:00:00  |
|  Retime                                           |            0  |              0  |                     0  |           0  |           1  |  00:00:00  |
|  Very High Fanout                                 |            0  |              0  |                     0  |           0  |           1  |  00:00:00  |
|  DSP Register                                     |            0  |              0  |                     0  |           0  |           0  |  00:00:00  |
|  Shift Register to Pipeline                       |            0  |              0  |                     0  |           0  |           0  |  00:00:00  |
|  Shift Register                                   |            0  |              0  |                     0  |           0  |           0  |  00:00:00  |
|  BRAM Register                                    |            0  |              0  |                     0  |           0  |           0  |  00:00:00  |
|  URAM Register                                    |            0  |              0  |                     0  |           0  |           0  |  00:00:00  |
|  Dynamic/Static Region Interface Net Replication  |            0  |              0  |                     0  |           0  |           1  |  00:00:00  |
|  Total                                            |            0  |              2  |                     2  |           0  |           4  |  00:00:00  |
-----------------------------------------------------------------------------------------------------------------------------------------------------------


Phase 2.4.1 Physical Synthesis In Placer | Checksum: 17334b56c

Time (s): cpu = 00:00:01 ; elapsed = 00:00:00.820 . Memory (MB): peak = 1898.520 ; gain = 0.000
Phase 2.4 Global Placement Core | Checksum: 1619d5f91

Time (s): cpu = 00:00:01 ; elapsed = 00:00:00.837 . Memory (MB): peak = 1898.520 ; gain = 0.000
Phase 2 Global Placement | Checksum: 1619d5f91

Time (s): cpu = 00:00:01 ; elapsed = 00:00:00.839 . Memory (MB): peak = 1898.520 ; gain = 0.000

Phase 3 Detail Placement

Phase 3.1 Commit Multi Column Macros
Phase 3.1 Commit Multi Column Macros | Checksum: 1483e6f9f

Time (s): cpu = 00:00:01 ; elapsed = 00:00:00.871 . Memory (MB): peak = 1898.520 ; gain = 0.000

Phase 3.2 Commit Most Macros & LUTRAMs
Phase 3.2 Commit Most Macros & LUTRAMs | Checksum: 1c41ddf35

Time (s): cpu = 00:00:01 ; elapsed = 00:00:00.931 . Memory (MB): peak = 1898.520 ; gain = 0.000

Phase 3.3 Area Swap Optimization
Phase 3.3 Area Swap Optimization | Checksum: 14e5a4824

Time (s): cpu = 00:00:01 ; elapsed = 00:00:00.934 . Memory (MB): peak = 1898.520 ; gain = 0.000

Phase 3.4 Pipeline Register Optimization
Phase 3.4 Pipeline Register Optimization | Checksum: 1bf2e438f

Time (s): cpu = 00:00:01 ; elapsed = 00:00:00.935 . Memory (MB): peak = 1898.520 ; gain = 0.000

Phase 3.5 Small Shape Detail Placement
Phase 3.5 Small Shape Detail Placement | Checksum: 137121a36

Time (s): cpu = 00:00:02 ; elapsed = 00:00:01 . Memory (MB): peak = 1898.520 ; gain = 0.000

Phase 3.6 Re-assign LUT pins
Phase 3.6 Re-assign LUT pins | Checksum: 1fb785f39

Time (s): cpu = 00:00:02 ; elapsed = 00:00:01 . Memory (MB): peak = 1898.520 ; gain = 0.000

Phase 3.7 Pipeline Register Optimization
Phase 3.7 Pipeline Register Optimization | Checksum: 1ca545bc4

Time (s): cpu = 00:00:02 ; elapsed = 00:00:01 . Memory (MB): peak = 1898.520 ; gain = 0.000
Phase 3 Detail Placement | Checksum: 1ca545bc4

Time (s): cpu = 00:00:02 ; elapsed = 00:00:01 . Memory (MB): peak = 1898.520 ; gain = 0.000

Phase 4 Post Placement Optimization and Clean-Up

Phase 4.1 Post Commit Optimization
INFO: [Timing 38-35] Done setting XDC timing constraints.

Phase 4.1.1 Post Placement Optimization
Post Placement Optimization Initialization | Checksum: 26aba5645

Phase 4.1.1.1 BUFG Insertion

Starting Physical Synthesis Task

Phase 1 Physical Synthesis Initialization
INFO: [Physopt 32-721] Multithreading enabled for phys_opt_design using a maximum of 2 CPUs
INFO: [Physopt 32-619] Estimated Timing Summary | WNS=5.939 | TNS=0.000 |
Phase 1 Physical Synthesis Initialization | Checksum: 1721e3b36

Time (s): cpu = 00:00:00 ; elapsed = 00:00:00.009 . Memory (MB): peak = 1898.520 ; gain = 0.000
INFO: [Place 46-56] BUFG insertion identified 0 candidate nets. Inserted BUFG: 0, Replicated BUFG Driver: 0, Skipped due to Placement/Routing Conflicts: 0, Skipped due to Timing Degradation: 0, Skipped due to Illegal Netlist: 0.
Ending Physical Synthesis Task | Checksum: 16fb698c5

Time (s): cpu = 00:00:00 ; elapsed = 00:00:00.009 . Memory (MB): peak = 1898.520 ; gain = 0.000
Phase 4.1.1.1 BUFG Insertion | Checksum: 26aba5645

Time (s): cpu = 00:00:02 ; elapsed = 00:00:01 . Memory (MB): peak = 1898.520 ; gain = 0.000

Phase 4.1.1.2 Post Placement Timing Optimization
INFO: [Place 30-746] Post Placement Timing Summary WNS=5.939. For the most accurate timing information please run report_timing.
Phase 4.1.1.2 Post Placement Timing Optimization | Checksum: 17b56ad5e

Time (s): cpu = 00:00:02 ; elapsed = 00:00:01 . Memory (MB): peak = 1898.520 ; gain = 0.000

Time (s): cpu = 00:00:02 ; elapsed = 00:00:01 . Memory (MB): peak = 1898.520 ; gain = 0.000
Phase 4.1 Post Commit Optimization | Checksum: 17b56ad5e

Time (s): cpu = 00:00:02 ; elapsed = 00:00:01 . Memory (MB): peak = 1898.520 ; gain = 0.000

Phase 4.2 Post Placement Cleanup
Phase 4.2 Post Placement Cleanup | Checksum: 17b56ad5e

Time (s): cpu = 00:00:02 ; elapsed = 00:00:01 . Memory (MB): peak = 1898.520 ; gain = 0.000

Phase 4.3 Placer Reporting

Phase 4.3.1 Print Estimated Congestion
INFO: [Place 30-612] Post-Placement Estimated Congestion 
 ____________________________________________________
|           | Global Congestion | Short Congestion  |
| Direction | Region Size       | Region Size       |
|___________|___________________|___________________|
|      North|                1x1|                1x1|
|___________|___________________|___________________|
|      South|                1x1|                1x1|
|___________|___________________|___________________|
|       East|                1x1|                1x1|
|___________|___________________|___________________|
|       West|                1x1|                1x1|
|___________|___________________|___________________|

Phase 4.3.1 Print Estimated Congestion | Checksum: 17b56ad5e

Time (s): cpu = 00:00:02 ; elapsed = 00:00:01 . Memory (MB): peak = 1898.520 ; gain = 0.000
Phase 4.3 Placer Reporting | Checksum: 17b56ad5e

Time (s): cpu = 00:00:02 ; elapsed = 00:00:01 . Memory (MB): peak = 1898.520 ; gain = 0.000

Phase 4.4 Final Placement Cleanup
Netlist sorting complete. Time (s): cpu = 00:00:00 ; elapsed = 00:00:00 . Memory (MB): peak = 1898.520 ; gain = 0.000

Time (s): cpu = 00:00:02 ; elapsed = 00:00:01 . Memory (MB): peak = 1898.520 ; gain = 0.000
Phase 4 Post Placement Optimization and Clean-Up | Checksum: 17709e836

Time (s): cpu = 00:00:02 ; elapsed = 00:00:01 . Memory (MB): peak = 1898.520 ; gain = 0.000
Ending Placer Task | Checksum: 16689704a

Time (s): cpu = 00:00:02 ; elapsed = 00:00:01 . Memory (MB): peak = 1898.520 ; gain = 0.000
INFO: [Common 17-83] Releasing license: Implementation
61 Infos, 0 Warnings, 0 Critical Warnings and 0 Errors encountered.
place_design completed successfully
INFO: [Timing 38-480] Writing timing data to binary archive.
Writing placer database...
Writing XDEF routing.
Writing XDEF routing logical nets.
Writing XDEF routing special nets.
Write XDEF Complete: Time (s): cpu = 00:00:00 ; elapsed = 00:00:00.032 . Memory (MB): peak = 1898.520 ; gain = 0.000
INFO: [Common 17-1381] The checkpoint 'D:/SUTD/50.002 CompStruc/Week 8 ALU sendhelp/ALU Checkoff/work/vivado/ALU Checkoff/ALU Checkoff.runs/impl_1/au_top_0_placed.dcp' has been generated.
INFO: [runtcl-4] Executing : report_io -file au_top_0_io_placed.rpt
report_io: Time (s): cpu = 00:00:00 ; elapsed = 00:00:00.049 . Memory (MB): peak = 1898.520 ; gain = 0.000
INFO: [runtcl-4] Executing : report_utilization -file au_top_0_utilization_placed.rpt -pb au_top_0_utilization_placed.pb
INFO: [runtcl-4] Executing : report_control_sets -verbose -file au_top_0_control_sets_placed.rpt
report_control_sets: Time (s): cpu = 00:00:00 ; elapsed = 00:00:00.001 . Memory (MB): peak = 1898.520 ; gain = 0.000
Command: phys_opt_design
Attempting to get a license for feature 'Implementation' and/or device 'xc7a35t'
INFO: [Common 17-349] Got license for feature 'Implementation' and/or device 'xc7a35t'
INFO: [Vivado_Tcl 4-383] Design worst setup slack (WNS) is greater than or equal to 0.000 ns. Skipping all physical synthesis optimizations.
INFO: [Vivado_Tcl 4-232] No setup violation found. The netlist was not modified.
INFO: [Common 17-83] Releasing license: Implementation
70 Infos, 0 Warnings, 0 Critical Warnings and 0 Errors encountered.
phys_opt_design completed successfully
INFO: [Timing 38-480] Writing timing data to binary archive.
Writing placer database...
Writing XDEF routing.
Writing XDEF routing logical nets.
Writing XDEF routing special nets.
Write XDEF Complete: Time (s): cpu = 00:00:00 ; elapsed = 00:00:00.032 . Memory (MB): peak = 1898.520 ; gain = 0.000
INFO: [Common 17-1381] The checkpoint 'D:/SUTD/50.002 CompStruc/Week 8 ALU sendhelp/ALU Checkoff/work/vivado/ALU Checkoff/ALU Checkoff.runs/impl_1/au_top_0_physopt.dcp' has been generated.
Command: route_design
Attempting to get a license for feature 'Implementation' and/or device 'xc7a35t'
INFO: [Common 17-349] Got license for feature 'Implementation' and/or device 'xc7a35t'
Running DRC as a precondition to command route_design
INFO: [DRC 23-27] Running DRC with 2 threads
INFO: [Vivado_Tcl 4-198] DRC finished with 0 Errors
INFO: [Vivado_Tcl 4-199] Please refer to the DRC report (report_drc) for more information.


Starting Routing Task
INFO: [Route 35-254] Multithreading enabled for route_design using a maximum of 2 CPUs

Phase 1 Build RT Design
Checksum: PlaceDB: fd7c7e62 ConstDB: 0 ShapeSum: 690cf1e8 RouteDB: 0
Post Restoration Checksum: NetGraph: 9c4fc019 NumContArr: 6f1978fc Constraints: 0 Timing: 0
Phase 1 Build RT Design | Checksum: 10b693915

Time (s): cpu = 00:00:16 ; elapsed = 00:00:14 . Memory (MB): peak = 1980.887 ; gain = 71.289

Phase 2 Router Initialization

Phase 2.1 Create Timer
Phase 2.1 Create Timer | Checksum: 10b693915

Time (s): cpu = 00:00:16 ; elapsed = 00:00:14 . Memory (MB): peak = 1980.891 ; gain = 71.293

Phase 2.2 Fix Topology Constraints
Phase 2.2 Fix Topology Constraints | Checksum: 10b693915

Time (s): cpu = 00:00:16 ; elapsed = 00:00:14 . Memory (MB): peak = 1986.895 ; gain = 77.297

Phase 2.3 Pre Route Cleanup
Phase 2.3 Pre Route Cleanup | Checksum: 10b693915

Time (s): cpu = 00:00:16 ; elapsed = 00:00:14 . Memory (MB): peak = 1986.895 ; gain = 77.297
 Number of Nodes with overlaps = 0

Phase 2.4 Update Timing
Phase 2.4 Update Timing | Checksum: 1e4572d4e

Time (s): cpu = 00:00:16 ; elapsed = 00:00:14 . Memory (MB): peak = 1992.598 ; gain = 83.000
INFO: [Route 35-416] Intermediate Timing Summary | WNS=5.945  | TNS=0.000  | WHS=-0.072 | THS=-0.339 |


Router Utilization Summary
  Global Vertical Routing Utilization    = 7.97257e-05 %
  Global Horizontal Routing Utilization  = 0 %
  Routable Net Status*
  *Does not include unroutable nets such as driverless and loadless.
  Run report_route_status for detailed report.
  Number of Failed Nets               = 104
    (Failed Nets is the sum of unrouted and partially routed nets)
  Number of Unrouted Nets             = 102
  Number of Partially Routed Nets     = 2
  Number of Node Overlaps             = 1

Phase 2 Router Initialization | Checksum: 1b78b93d4

Time (s): cpu = 00:00:16 ; elapsed = 00:00:14 . Memory (MB): peak = 1993.641 ; gain = 84.043

Phase 3 Initial Routing

Phase 3.1 Global Routing
Phase 3.1 Global Routing | Checksum: 1b78b93d4

Time (s): cpu = 00:00:16 ; elapsed = 00:00:14 . Memory (MB): peak = 1993.641 ; gain = 84.043
Phase 3 Initial Routing | Checksum: 11da5b631

Time (s): cpu = 00:00:16 ; elapsed = 00:00:14 . Memory (MB): peak = 1993.641 ; gain = 84.043

Phase 4 Rip-up And Reroute

Phase 4.1 Global Iteration 0
 Number of Nodes with overlaps = 1
 Number of Nodes with overlaps = 0
INFO: [Route 35-416] Intermediate Timing Summary | WNS=5.664  | TNS=0.000  | WHS=N/A    | THS=N/A    |

Phase 4.1 Global Iteration 0 | Checksum: ea3e8c6e

Time (s): cpu = 00:00:16 ; elapsed = 00:00:14 . Memory (MB): peak = 1993.641 ; gain = 84.043
Phase 4 Rip-up And Reroute | Checksum: ea3e8c6e

Time (s): cpu = 00:00:16 ; elapsed = 00:00:14 . Memory (MB): peak = 1993.641 ; gain = 84.043

Phase 5 Delay and Skew Optimization

Phase 5.1 Delay CleanUp
Phase 5.1 Delay CleanUp | Checksum: ea3e8c6e

Time (s): cpu = 00:00:16 ; elapsed = 00:00:14 . Memory (MB): peak = 1993.641 ; gain = 84.043

Phase 5.2 Clock Skew Optimization
Phase 5.2 Clock Skew Optimization | Checksum: ea3e8c6e

Time (s): cpu = 00:00:16 ; elapsed = 00:00:14 . Memory (MB): peak = 1993.641 ; gain = 84.043
Phase 5 Delay and Skew Optimization | Checksum: ea3e8c6e

Time (s): cpu = 00:00:16 ; elapsed = 00:00:14 . Memory (MB): peak = 1993.641 ; gain = 84.043

Phase 6 Post Hold Fix

Phase 6.1 Hold Fix Iter

Phase 6.1.1 Update Timing
Phase 6.1.1 Update Timing | Checksum: 11e83e557

Time (s): cpu = 00:00:16 ; elapsed = 00:00:14 . Memory (MB): peak = 1993.641 ; gain = 84.043
INFO: [Route 35-416] Intermediate Timing Summary | WNS=5.758  | TNS=0.000  | WHS=0.213  | THS=0.000  |

Phase 6.1 Hold Fix Iter | Checksum: 11e83e557

Time (s): cpu = 00:00:16 ; elapsed = 00:00:14 . Memory (MB): peak = 1993.641 ; gain = 84.043
Phase 6 Post Hold Fix | Checksum: 11e83e557

Time (s): cpu = 00:00:16 ; elapsed = 00:00:14 . Memory (MB): peak = 1993.641 ; gain = 84.043

Phase 7 Route finalize

Router Utilization Summary
  Global Vertical Routing Utilization    = 0.0420952 %
  Global Horizontal Routing Utilization  = 0.0232952 %
  Routable Net Status*
  *Does not include unroutable nets such as driverless and loadless.
  Run report_route_status for detailed report.
  Number of Failed Nets               = 0
    (Failed Nets is the sum of unrouted and partially routed nets)
  Number of Unrouted Nets             = 0
  Number of Partially Routed Nets     = 0
  Number of Node Overlaps             = 0

Phase 7 Route finalize | Checksum: 11e83e557

Time (s): cpu = 00:00:16 ; elapsed = 00:00:14 . Memory (MB): peak = 1993.641 ; gain = 84.043

Phase 8 Verifying routed nets

 Verification completed successfully
Phase 8 Verifying routed nets | Checksum: 11e83e557

Time (s): cpu = 00:00:16 ; elapsed = 00:00:14 . Memory (MB): peak = 1994.340 ; gain = 84.742

Phase 9 Depositing Routes
Phase 9 Depositing Routes | Checksum: 188e9ada7

Time (s): cpu = 00:00:16 ; elapsed = 00:00:14 . Memory (MB): peak = 1994.340 ; gain = 84.742

Phase 10 Post Router Timing
INFO: [Route 35-57] Estimated Timing Summary | WNS=5.758  | TNS=0.000  | WHS=0.213  | THS=0.000  |

INFO: [Route 35-327] The final timing numbers are based on the router estimated timing analysis. For a complete and accurate timing signoff, please run report_timing_summary.
Phase 10 Post Router Timing | Checksum: 188e9ada7

Time (s): cpu = 00:00:16 ; elapsed = 00:00:14 . Memory (MB): peak = 1994.340 ; gain = 84.742
INFO: [Route 35-16] Router Completed Successfully

Time (s): cpu = 00:00:16 ; elapsed = 00:00:14 . Memory (MB): peak = 1994.340 ; gain = 84.742

Routing Is Done.
INFO: [Common 17-83] Releasing license: Implementation
84 Infos, 0 Warnings, 0 Critical Warnings and 0 Errors encountered.
route_design completed successfully
route_design: Time (s): cpu = 00:00:17 ; elapsed = 00:00:15 . Memory (MB): peak = 1994.340 ; gain = 95.820
INFO: [Timing 38-480] Writing timing data to binary archive.
Writing placer database...
Writing XDEF routing.
Writing XDEF routing logical nets.
Writing XDEF routing special nets.
Write XDEF Complete: Time (s): cpu = 00:00:01 ; elapsed = 00:00:00.036 . Memory (MB): peak = 2004.152 ; gain = 9.812
INFO: [Common 17-1381] The checkpoint 'D:/SUTD/50.002 CompStruc/Week 8 ALU sendhelp/ALU Checkoff/work/vivado/ALU Checkoff/ALU Checkoff.runs/impl_1/au_top_0_routed.dcp' has been generated.
INFO: [runtcl-4] Executing : report_drc -file au_top_0_drc_routed.rpt -pb au_top_0_drc_routed.pb -rpx au_top_0_drc_routed.rpx
Command: report_drc -file au_top_0_drc_routed.rpt -pb au_top_0_drc_routed.pb -rpx au_top_0_drc_routed.rpx
INFO: [IP_Flow 19-1839] IP Catalog is up to date.
INFO: [DRC 23-27] Running DRC with 2 threads
INFO: [Vivado_Tcl 2-168] The results of DRC are in file D:/SUTD/50.002 CompStruc/Week 8 ALU sendhelp/ALU Checkoff/work/vivado/ALU Checkoff/ALU Checkoff.runs/impl_1/au_top_0_drc_routed.rpt.
report_drc completed successfully
INFO: [runtcl-4] Executing : report_methodology -file au_top_0_methodology_drc_routed.rpt -pb au_top_0_methodology_drc_routed.pb -rpx au_top_0_methodology_drc_routed.rpx
Command: report_methodology -file au_top_0_methodology_drc_routed.rpt -pb au_top_0_methodology_drc_routed.pb -rpx au_top_0_methodology_drc_routed.rpx
INFO: [Timing 38-35] Done setting XDC timing constraints.
INFO: [DRC 23-133] Running Methodology with 2 threads
INFO: [Vivado_Tcl 2-1520] The results of Report Methodology are in file D:/SUTD/50.002 CompStruc/Week 8 ALU sendhelp/ALU Checkoff/work/vivado/ALU Checkoff/ALU Checkoff.runs/impl_1/au_top_0_methodology_drc_routed.rpt.
report_methodology completed successfully
INFO: [runtcl-4] Executing : report_power -file au_top_0_power_routed.rpt -pb au_top_0_power_summary_routed.pb -rpx au_top_0_power_routed.rpx
Command: report_power -file au_top_0_power_routed.rpt -pb au_top_0_power_summary_routed.pb -rpx au_top_0_power_routed.rpx
INFO: [Timing 38-35] Done setting XDC timing constraints.
Running Vector-less Activity Propagation...

Finished Running Vector-less Activity Propagation
96 Infos, 0 Warnings, 0 Critical Warnings and 0 Errors encountered.
report_power completed successfully
INFO: [runtcl-4] Executing : report_route_status -file au_top_0_route_status.rpt -pb au_top_0_route_status.pb
INFO: [runtcl-4] Executing : report_timing_summary -max_paths 10 -report_unconstrained -file au_top_0_timing_summary_routed.rpt -pb au_top_0_timing_summary_routed.pb -rpx au_top_0_timing_summary_routed.rpx -warn_on_violation 
INFO: [Timing 38-91] UpdateTimingParams: Speed grade: -1, Delay Type: min_max.
INFO: [Timing 38-191] Multithreading enabled for timing update using a maximum of 2 CPUs
INFO: [runtcl-4] Executing : report_incremental_reuse -file au_top_0_incremental_reuse_routed.rpt
INFO: [Vivado_Tcl 4-1062] Incremental flow is disabled. No incremental reuse Info to report.
INFO: [runtcl-4] Executing : report_clock_utilization -file au_top_0_clock_utilization_routed.rpt
INFO: [runtcl-4] Executing : report_bus_skew -warn_on_violation -file au_top_0_bus_skew_routed.rpt -pb au_top_0_bus_skew_routed.pb -rpx au_top_0_bus_skew_routed.rpx
INFO: [Timing 38-91] UpdateTimingParams: Speed grade: -1, Delay Type: min_max.
INFO: [Timing 38-191] Multithreading enabled for timing update using a maximum of 2 CPUs
Command: write_bitstream -force au_top_0.bit -bin_file
Attempting to get a license for feature 'Implementation' and/or device 'xc7a35t'
INFO: [Common 17-349] Got license for feature 'Implementation' and/or device 'xc7a35t'
Running DRC as a precondition to command write_bitstream
INFO: [IP_Flow 19-1839] IP Catalog is up to date.
INFO: [DRC 23-27] Running DRC with 2 threads
WARNING: [DRC PDRC-153] Gated clock check: Net alutest/FSM_onehot_M_controller_q_reg[1]_0 is a gated clock net sourced by a combinational pin alutest/checkans_reg[1]_i_2/O, cell alutest/checkans_reg[1]_i_2. This is not good design practice and will likely impact performance. For SLICE registers, for example, use the CE pin to control the loading of data.
INFO: [Vivado 12-3199] DRC finished with 0 Errors, 1 Warnings
INFO: [Vivado 12-3200] Please refer to the DRC report (report_drc) for more information.
INFO: [Designutils 20-2272] Running write_bitstream with 2 threads.
Loading data files...
Loading site data...
Loading route data...
Processing options...
Creating bitmap...
Creating bitstream...
Bitstream compression saved 15245344 bits.
Writing bitstream ./au_top_0.bit...
Writing bitstream ./au_top_0.bin...
INFO: [Vivado 12-1842] Bitgen Completed Successfully.
INFO: [Project 1-1876] WebTalk data collection is mandatory when using a ULT device. To see the specific WebTalk data collected for your design, open the usage_statistics_webtalk.html or usage_statistics_webtalk.xml file in the implementation directory.
INFO: [Common 17-83] Releasing license: Implementation
12 Infos, 1 Warnings, 0 Critical Warnings and 0 Errors encountered.
write_bitstream completed successfully
write_bitstream: Time (s): cpu = 00:00:07 ; elapsed = 00:00:07 . Memory (MB): peak = 2465.031 ; gain = 429.840
INFO: [Common 17-206] Exiting Vivado at Wed Mar  9 20:16:35 2022...
[Wed Mar  9 20:16:35 2022] impl_1 finished
wait_on_runs: Time (s): cpu = 00:00:00 ; elapsed = 00:00:55 . Memory (MB): peak = 1413.309 ; gain = 0.000
INFO: [Common 17-206] Exiting Vivado at Wed Mar  9 20:16:35 2022...
Vivado exited.

Finished building project.
